[2026-03-13T20:15:08.686Z] RUN START {
  "mode": "single-step",
  "startUrl": "https://ciphersprint.pulley.com/caycham1%40gmail.com"
}
[2026-03-13T20:15:08.686Z] STEP 1 REQUEST {
  "url": "https://ciphersprint.pulley.com/caycham1%40gmail.com"
}
[2026-03-13T20:15:08.992Z] STEP 1 RESPONSE {
  "url": "https://ciphersprint.pulley.com/caycham1%40gmail.com",
  "status": 200,
  "statusText": "OK",
  "headers": {
    "alt-svc": "h3=\":443\"; ma=2592000,h3-29=\":443\"; ma=2592000",
    "content-length": "363",
    "content-type": "application/json",
    "date": "Fri, 13 Mar 2026 20:15:11 GMT",
    "via": "1.1 google"
  },
  "body": "{\n\t\"challenger\": \"caycham1@gmail.com\",\n\t\"encrypted_path\": \"task_fd9971b998c7f3552c6aa8d3951044f\",\n\t\"encryption_method\": \"nothing\",\n\t\"expires_in\": \"60s\",\n\t\"hint\": \"go to /task_fd9971b998c7f3552c6aa8d3951044f to get the next challenge\",\n\t\"instructions\": \"encrypted_path is the path to your next challenge. encryption_method is how it was encrypted.\",\n\t\"level\": 0\n}\n"
}
[2026-03-13T20:15:08.993Z] STEP 1 PARSED_JSON {
  "challenger": "caycham1@gmail.com",
  "encrypted_path": "task_fd9971b998c7f3552c6aa8d3951044f",
  "encryption_method": "nothing",
  "expires_in": "60s",
  "hint": "go to /task_fd9971b998c7f3552c6aa8d3951044f to get the next challenge",
  "instructions": "encrypted_path is the path to your next challenge. encryption_method is how it was encrypted.",
  "level": 0
}
[2026-03-13T20:15:08.993Z] STEP 1 NEXT {
  "nextPath": "task_fd9971b998c7f3552c6aa8d3951044f",
  "nextUrl": "https://ciphersprint.pulley.com/task_fd9971b998c7f3552c6aa8d3951044f"
}
[2026-03-13T20:15:08.994Z] RUN END success next {
  "nextUrl": "https://ciphersprint.pulley.com/task_fd9971b998c7f3552c6aa8d3951044f"
}
[2026-03-13T20:15:10.992Z] RUN START {
  "mode": "single-step",
  "startUrl": "https://ciphersprint.pulley.com/task_fd9971b998c7f3552c6aa8d3951044f"
}
[2026-03-13T20:15:10.992Z] STEP 1 REQUEST {
  "url": "https://ciphersprint.pulley.com/task_fd9971b998c7f3552c6aa8d3951044f"
}
[2026-03-13T20:15:11.196Z] STEP 1 RESPONSE {
  "url": "https://ciphersprint.pulley.com/task_fd9971b998c7f3552c6aa8d3951044f",
  "status": 200,
  "statusText": "OK",
  "headers": {
    "alt-svc": "h3=\":443\"; ma=2592000,h3-29=\":443\"; ma=2592000",
    "content-length": "412",
    "content-type": "application/json",
    "date": "Fri, 13 Mar 2026 20:15:13 GMT",
    "via": "1.1 google"
  },
  "body": "{\n\t\"challenger\": \"caycham1@gmail.com\",\n\t\"encrypted_path\": \"task_N2JhNGY1M2NhMzdlYWY3MDE3ZmFiZjY2ZTU1NzM4MmY=\",\n\t\"encryption_method\": \"encoded as base64\",\n\t\"expires_in\": \"15s\",\n\t\"hint\": \"you should write a program to fetch these endpoints and handle each encryption method you find.\",\n\t\"instructions\": \"encrypted_path is the path to your next challenge. encryption_method is how it was encrypted.\",\n\t\"level\": 1\n}\n"
}
[2026-03-13T20:15:11.196Z] STEP 1 PARSED_JSON {
  "challenger": "caycham1@gmail.com",
  "encrypted_path": "task_N2JhNGY1M2NhMzdlYWY3MDE3ZmFiZjY2ZTU1NzM4MmY=",
  "encryption_method": "encoded as base64",
  "expires_in": "15s",
  "hint": "you should write a program to fetch these endpoints and handle each encryption method you find.",
  "instructions": "encrypted_path is the path to your next challenge. encryption_method is how it was encrypted.",
  "level": 1
}
[2026-03-13T20:15:11.197Z] STEP 1 NEXT {
  "nextPath": "task_7ba4f53ca37eaf7017fabf66e557382f",
  "nextUrl": "https://ciphersprint.pulley.com/task_7ba4f53ca37eaf7017fabf66e557382f"
}
[2026-03-13T20:15:11.197Z] RUN END success next {
  "nextUrl": "https://ciphersprint.pulley.com/task_7ba4f53ca37eaf7017fabf66e557382f"
}
[2026-03-13T20:15:12.000Z] RUN START {
  "mode": "single-step",
  "startUrl": "https://ciphersprint.pulley.com/task_7ba4f53ca37eaf7017fabf66e557382f"
}
[2026-03-13T20:15:12.000Z] STEP 1 REQUEST {
  "url": "https://ciphersprint.pulley.com/task_7ba4f53ca37eaf7017fabf66e557382f"
}
[2026-03-13T20:15:12.208Z] STEP 1 RESPONSE {
  "url": "https://ciphersprint.pulley.com/task_7ba4f53ca37eaf7017fabf66e557382f",
  "status": 200,
  "statusText": "OK",
  "headers": {
    "alt-svc": "h3=\":443\"; ma=2592000,h3-29=\":443\"; ma=2592000",
    "content-length": "414",
    "content-type": "application/json",
    "date": "Fri, 13 Mar 2026 20:15:14 GMT",
    "via": "1.1 google"
  },
  "body": "{\n\t\"challenger\": \"caycham1@gmail.com\",\n\t\"encrypted_path\": \"task_b51765c875fef63df6c221d90ed54cf5\",\n\t\"encryption_method\": \"swapped every pair of characters\",\n\t\"expires_in\": \"1s\",\n\t\"hint\": \"you should write a program to fetch these endpoints and handle each encryption method you find.\",\n\t\"instructions\": \"encrypted_path is the path to your next challenge. encryption_method is how it was encrypted.\",\n\t\"level\": 2\n}\n"
}
[2026-03-13T20:15:12.208Z] STEP 1 PARSED_JSON {
  "challenger": "caycham1@gmail.com",
  "encrypted_path": "task_b51765c875fef63df6c221d90ed54cf5",
  "encryption_method": "swapped every pair of characters",
  "expires_in": "1s",
  "hint": "you should write a program to fetch these endpoints and handle each encryption method you find.",
  "instructions": "encrypted_path is the path to your next challenge. encryption_method is how it was encrypted.",
  "level": 2
}
[2026-03-13T20:15:12.208Z] STEP 1 NEXT {
  "nextPath": "task_5b71568c57ef6fd36f2c129de05dc45f",
  "nextUrl": "https://ciphersprint.pulley.com/task_5b71568c57ef6fd36f2c129de05dc45f"
}
[2026-03-13T20:15:12.209Z] RUN END success next {
  "nextUrl": "https://ciphersprint.pulley.com/task_5b71568c57ef6fd36f2c129de05dc45f"
}
[2026-03-13T20:15:13.042Z] RUN START {
  "mode": "single-step",
  "startUrl": "https://ciphersprint.pulley.com/task_5b71568c57ef6fd36f2c129de05dc45f"
}
[2026-03-13T20:15:13.043Z] STEP 1 REQUEST {
  "url": "https://ciphersprint.pulley.com/task_5b71568c57ef6fd36f2c129de05dc45f"
}
[2026-03-13T20:15:13.247Z] STEP 1 RESPONSE {
  "url": "https://ciphersprint.pulley.com/task_5b71568c57ef6fd36f2c129de05dc45f",
  "status": 200,
  "statusText": "OK",
  "headers": {
    "alt-svc": "h3=\":443\"; ma=2592000,h3-29=\":443\"; ma=2592000",
    "content-length": "373",
    "content-type": "application/json",
    "date": "Fri, 13 Mar 2026 20:15:15 GMT",
    "via": "1.1 google"
  },
  "body": "{\n\t\"challenger\": \"caycham1@gmail.com\",\n\t\"encrypted_path\": \"task_85040086a90512ba6103110363658426\",\n\t\"encryption_method\": \"circularly rotated left by 5\",\n\t\"expires_in\": \"1s\",\n\t\"hint\": \"you should write a program to fetch these endpoints and handle each encryption method you find.\",\n\t\"instructions\": \"we've been alerted that you reached level 3, keep going!\",\n\t\"level\": 3\n}\n"
}
[2026-03-13T20:15:13.247Z] STEP 1 PARSED_JSON {
  "challenger": "caycham1@gmail.com",
  "encrypted_path": "task_85040086a90512ba6103110363658426",
  "encryption_method": "circularly rotated left by 5",
  "expires_in": "1s",
  "hint": "you should write a program to fetch these endpoints and handle each encryption method you find.",
  "instructions": "we've been alerted that you reached level 3, keep going!",
  "level": 3
}
[2026-03-13T20:15:13.248Z] STEP 1 NEXT {
  "nextPath": "task_5842685040086a90512ba61031103636",
  "nextUrl": "https://ciphersprint.pulley.com/task_5842685040086a90512ba61031103636"
}
[2026-03-13T20:15:13.248Z] RUN END success next {
  "nextUrl": "https://ciphersprint.pulley.com/task_5842685040086a90512ba61031103636"
}
[2026-03-13T20:15:14.033Z] RUN START {
  "mode": "single-step",
  "startUrl": "https://ciphersprint.pulley.com/task_5842685040086a90512ba61031103636"
}
[2026-03-13T20:15:14.034Z] STEP 1 REQUEST {
  "url": "https://ciphersprint.pulley.com/task_5842685040086a90512ba61031103636"
}
[2026-03-13T20:15:14.247Z] STEP 1 RESPONSE {
  "url": "https://ciphersprint.pulley.com/task_5842685040086a90512ba61031103636",
  "status": 200,
  "statusText": "OK",
  "headers": {
    "alt-svc": "h3=\":443\"; ma=2592000,h3-29=\":443\"; ma=2592000",
    "content-length": "402",
    "content-type": "application/json",
    "date": "Fri, 13 Mar 2026 20:15:16 GMT",
    "via": "1.1 google"
  },
  "body": "{\n\t\"challenger\": \"caycham1@gmail.com\",\n\t\"encrypted_path\": \"task_c2420105a38e6b529d3e713c78a88c63\",\n\t\"encryption_method\": \"encoded it with custom hex character set d3c0b8e92f7a1654\",\n\t\"expires_in\": \"1s\",\n\t\"hint\": \"you should write a program to fetch these endpoints and handle each encryption method you find.\",\n\t\"instructions\": \"we've been alerted that you reached level 4, keep going!\",\n\t\"level\": 4\n}\n"
}
[2026-03-13T20:15:14.247Z] STEP 1 PARSED_JSON {
  "challenger": "caycham1@gmail.com",
  "encrypted_path": "task_c2420105a38e6b529d3e713c78a88c63",
  "encryption_method": "encoded it with custom hex character set d3c0b8e92f7a1654",
  "expires_in": "1s",
  "hint": "you should write a program to fetch these endpoints and handle each encryption method you find.",
  "instructions": "we've been alerted that you reached level 4, keep going!",
  "level": 4
}
[2026-03-13T20:15:14.247Z] STEP 1 NEXT {
  "nextPath": "task_28f83c3eb156d4e87016ac12a5b552d1",
  "nextUrl": "https://ciphersprint.pulley.com/task_28f83c3eb156d4e87016ac12a5b552d1"
}
[2026-03-13T20:15:14.248Z] RUN END success next {
  "nextUrl": "https://ciphersprint.pulley.com/task_28f83c3eb156d4e87016ac12a5b552d1"
}
[2026-03-13T20:15:15.041Z] RUN START {
  "mode": "single-step",
  "startUrl": "https://ciphersprint.pulley.com/task_28f83c3eb156d4e87016ac12a5b552d1"
}
[2026-03-13T20:15:15.042Z] STEP 1 REQUEST {
  "url": "https://ciphersprint.pulley.com/task_28f83c3eb156d4e87016ac12a5b552d1"
}
[2026-03-13T20:15:15.248Z] STEP 1 RESPONSE {
  "url": "https://ciphersprint.pulley.com/task_28f83c3eb156d4e87016ac12a5b552d1",
  "status": 200,
  "statusText": "OK",
  "headers": {
    "alt-svc": "h3=\":443\"; ma=2592000,h3-29=\":443\"; ma=2592000",
    "content-length": "454",
    "content-type": "application/json",
    "date": "Fri, 13 Mar 2026 20:15:17 GMT",
    "via": "1.1 google"
  },
  "body": "{\n\t\"challenger\": \"caycham1@gmail.com\",\n\t\"encrypted_path\": \"task_60f35eb75a78d14516f76523733566e0\",\n\t\"encryption_method\": \"scrambled! original positions as base64 encoded messagepack: 3AAgDxMNBAgcGQcADhgXCwERBhoSHwIFDBYQGx4VCgMUHQk=\",\n\t\"expires_in\": \"1s\",\n\t\"hint\": \"you should write a program to fetch these endpoints and handle each encryption method you find.\",\n\t\"instructions\": \"we've been alerted that you reached level 5, keep going!\",\n\t\"level\": 5\n}\n"
}
[2026-03-13T20:15:15.249Z] STEP 1 PARSED_JSON {
  "challenger": "caycham1@gmail.com",
  "encrypted_path": "task_60f35eb75a78d14516f76523733566e0",
  "encryption_method": "scrambled! original positions as base64 encoded messagepack: 3AAgDxMNBAgcGQcADhgXCwERBhoSHwIFDBYQGx4VCgMUHQk=",
  "expires_in": "1s",
  "hint": "you should write a program to fetch these endpoints and handle each encryption method you find.",
  "instructions": "we've been alerted that you reached level 5, keep going!",
  "level": 5
}
[2026-03-13T20:15:15.249Z] STEP 1 NEXT {
  "nextPath": "task_51763657505d5fa6346063287b17ee3f",
  "nextUrl": "https://ciphersprint.pulley.com/task_51763657505d5fa6346063287b17ee3f"
}
[2026-03-13T20:15:15.250Z] RUN END success next {
  "nextUrl": "https://ciphersprint.pulley.com/task_51763657505d5fa6346063287b17ee3f"
}
[2026-03-13T20:15:16.041Z] RUN START {
  "mode": "single-step",
  "startUrl": "https://ciphersprint.pulley.com/task_51763657505d5fa6346063287b17ee3f"
}
[2026-03-13T20:15:16.041Z] STEP 1 REQUEST {
  "url": "https://ciphersprint.pulley.com/task_51763657505d5fa6346063287b17ee3f"
}
[2026-03-13T20:15:16.253Z] STEP 1 RESPONSE {
  "url": "https://ciphersprint.pulley.com/task_51763657505d5fa6346063287b17ee3f",
  "status": 200,
  "statusText": "OK",
  "headers": {
    "alt-svc": "h3=\":443\"; ma=2592000,h3-29=\":443\"; ma=2592000",
    "content-length": "377",
    "content-type": "application/json",
    "date": "Fri, 13 Mar 2026 20:15:18 GMT",
    "via": "1.1 google"
  },
  "body": "{\n\t\"challenger\": \"caycham1@gmail.com\",\n\t\"encrypted_path\": \"task_ffc5b474ae199a523919e0723b6c8c02f5a858598df90b412f4dde3aa2ed817e\",\n\t\"encryption_method\": \"hashed with sha256, good luck\",\n\t\"expires_in\": \"10000000s\",\n\t\"hint\": \"this is a gimmick, there is no way to solve this task.\",\n\t\"instructions\": \"we've been alerted that you reached level 6, congratulations!\",\n\t\"level\": 6\n}\n"
}
[2026-03-13T20:15:16.253Z] STEP 1 PARSED_JSON {
  "challenger": "caycham1@gmail.com",
  "encrypted_path": "task_ffc5b474ae199a523919e0723b6c8c02f5a858598df90b412f4dde3aa2ed817e",
  "encryption_method": "hashed with sha256, good luck",
  "expires_in": "10000000s",
  "hint": "this is a gimmick, there is no way to solve this task.",
  "instructions": "we've been alerted that you reached level 6, congratulations!",
  "level": 6
}
[2026-03-13T20:15:16.254Z] STEP 1 DECODE_ERROR {
  "encryptedPath": "task_ffc5b474ae199a523919e0723b6c8c02f5a858598df90b412f4dde3aa2ed817e",
  "encryptionMethod": "hashed with sha256, good luck",
  "message": "Unsupported encryption method: \"hashed with sha256, good luck\""
}
[2026-03-13T20:15:16.254Z] FATAL {
  "message": "Unsupported encryption method: \"hashed with sha256, good luck\""
}
[2026-03-13T20:15:17.057Z] RUN START {
  "mode": "single-step",
  "startUrl": "https://ciphersprint.pulley.com/task_51763657505d5fa6346063287b17ee3f"
}
[2026-03-13T20:15:17.058Z] STEP 1 REQUEST {
  "url": "https://ciphersprint.pulley.com/task_51763657505d5fa6346063287b17ee3f"
}
[2026-03-13T20:15:17.269Z] STEP 1 RESPONSE {
  "url": "https://ciphersprint.pulley.com/task_51763657505d5fa6346063287b17ee3f",
  "status": 404,
  "statusText": "Not Found",
  "headers": {
    "alt-svc": "h3=\":443\"; ma=2592000,h3-29=\":443\"; ma=2592000",
    "content-length": "0",
    "date": "Fri, 13 Mar 2026 20:15:19 GMT",
    "via": "1.1 google"
  },
  "body": ""
}
